<?xml version="1.0" encoding="UTF-8"?>
<testng-results ignored="0" total="2" passed="2" failed="0" skipped="0">
  <reporter-output>
  </reporter-output>
  <suite started-at="2020-07-16T05:43:48Z" name="Default suite" finished-at="2020-07-16T05:44:12Z" duration-ms="23748">
    <groups>
    </groups>
    <test started-at="2020-07-16T05:43:48Z" name="Default test" finished-at="2020-07-16T05:44:12Z" duration-ms="23748">
      <class name="Test.NewTest">
        <test-method is-config="true" signature="luanchApplication()[pri:0, instance:Test.NewTest@537f60bf]" started-at="2020-07-16T05:43:48Z" name="luanchApplication" finished-at="2020-07-16T05:43:58Z" duration-ms="9815" status="PASS">
          <reporter-output>
          </reporter-output>
        </test-method> <!-- luanchApplication -->
        <test-method signature="Login()[pri:1, instance:Test.NewTest@537f60bf]" started-at="2020-07-16T05:43:58Z" name="Login" finished-at="2020-07-16T05:44:06Z" duration-ms="8100" status="PASS">
          <reporter-output>
          </reporter-output>
        </test-method> <!-- Login -->
        <test-method signature="Logout()[pri:2, instance:Test.NewTest@537f60bf]" started-at="2020-07-16T05:44:06Z" name="Logout" finished-at="2020-07-16T05:44:07Z" duration-ms="1312" status="PASS">
          <reporter-output>
          </reporter-output>
        </test-method> <!-- Logout -->
        <test-method is-config="true" signature="closeApplication()[pri:0, instance:Test.NewTest@537f60bf]" started-at="2020-07-16T05:44:07Z" name="closeApplication" finished-at="2020-07-16T05:44:12Z" duration-ms="4459" status="PASS">
          <reporter-output>
          </reporter-output>
        </test-method> <!-- closeApplication -->
      </class> <!-- Test.NewTest -->
    </test> <!-- Default test -->
  </suite> <!-- Default suite -->
</testng-results>
